>> Writing PID to tmp/pids/thin.pid
>> Using rack adapter
>> Thin web server (v1.2.11 codename Bat-Shit Crazy)
>> Maximum connections set to 1024
>> Listening on 0.0.0.0:3001, CTRL+C to stop
>> Writing PID to tmp/pids/thin.pid
>> Using rack adapter
>> Thin web server (v1.2.7 codename No Hup)
>> Maximum connections set to 1024
>> Listening on 0.0.0.0:3002, CTRL+C to stop
>> Stopping ...
>> Exiting!
>> Writing PID to tmp/pids/thin.pid
>> Using rack adapter
>> Thin web server (v1.2.7 codename No Hup)
>> Maximum connections set to 1024
>> Listening on 0.0.0.0:3002, CTRL+C to stop
RuntimeError - ERR unknown command 'rrem':
 /Users/brandon/.rvm/gems/ruby-1.9.3-preview1/gems/redis-2.2.2/lib/redis/client.rb:47:in `call'
 /Users/brandon/.rvm/gems/ruby-1.9.3-preview1/gems/redis-2.2.2/lib/redis.rb:1081:in `block in method_missing'
 /Users/brandon/.rvm/rubies/ruby-1.9.3-preview1/lib/ruby/1.9.1/monitor.rb:211:in `mon_synchronize'
 /Users/brandon/.rvm/gems/ruby-1.9.3-preview1/gems/redis-2.2.2/lib/redis.rb:1080:in `method_missing'
 /Users/brandon/Documents/workspace/ruby/ChatterBee/lib/room.rb:23:in `leave!'
 /Users/brandon/Documents/workspace/ruby/ChatterBee/app.rb:33:in `block in <class:ChatterBee>'
 /Users/brandon/.rvm/gems/ruby-1.9.3-preview1/gems/sinatra-1.2.6/lib/sinatra/base.rb:1151:in `call'
 /Users/brandon/.rvm/gems/ruby-1.9.3-preview1/gems/sinatra-1.2.6/lib/sinatra/base.rb:1151:in `block in compile!'
 /Users/brandon/.rvm/gems/ruby-1.9.3-preview1/gems/sinatra-1.2.6/lib/sinatra/base.rb:724:in `instance_eval'
 /Users/brandon/.rvm/gems/ruby-1.9.3-preview1/gems/sinatra-1.2.6/lib/sinatra/base.rb:724:in `route_eval'
 /Users/brandon/.rvm/gems/ruby-1.9.3-preview1/gems/sinatra-1.2.6/lib/sinatra/base.rb:708:in `block (2 levels) in route!'
 /Users/brandon/.rvm/gems/ruby-1.9.3-preview1/gems/sinatra-1.2.6/lib/sinatra/base.rb:758:in `block in process_route'
 /Users/brandon/.rvm/gems/ruby-1.9.3-preview1/gems/sinatra-1.2.6/lib/sinatra/base.rb:755:in `catch'
 /Users/brandon/.rvm/gems/ruby-1.9.3-preview1/gems/sinatra-1.2.6/lib/sinatra/base.rb:755:in `process_route'
 /Users/brandon/.rvm/gems/ruby-1.9.3-preview1/gems/sinatra-1.2.6/lib/sinatra/base.rb:707:in `block in route!'
 /Users/brandon/.rvm/gems/ruby-1.9.3-preview1/gems/sinatra-1.2.6/lib/sinatra/base.rb:706:in `each'
 /Users/brandon/.rvm/gems/ruby-1.9.3-preview1/gems/sinatra-1.2.6/lib/sinatra/base.rb:706:in `route!'
 /Users/brandon/.rvm/gems/ruby-1.9.3-preview1/gems/sinatra-1.2.6/lib/sinatra/base.rb:843:in `dispatch!'
 /Users/brandon/.rvm/gems/ruby-1.9.3-preview1/gems/sinatra-1.2.6/lib/sinatra/base.rb:644:in `block in call!'
 /Users/brandon/.rvm/gems/ruby-1.9.3-preview1/gems/sinatra-1.2.6/lib/sinatra/base.rb:808:in `instance_eval'
 /Users/brandon/.rvm/gems/ruby-1.9.3-preview1/gems/sinatra-1.2.6/lib/sinatra/base.rb:808:in `block in invoke'
 /Users/brandon/.rvm/gems/ruby-1.9.3-preview1/gems/sinatra-1.2.6/lib/sinatra/base.rb:808:in `catch'
 /Users/brandon/.rvm/gems/ruby-1.9.3-preview1/gems/sinatra-1.2.6/lib/sinatra/base.rb:808:in `invoke'
 /Users/brandon/.rvm/gems/ruby-1.9.3-preview1/gems/sinatra-1.2.6/lib/sinatra/base.rb:644:in `call!'
 /Users/brandon/.rvm/gems/ruby-1.9.3-preview1/gems/sinatra-1.2.6/lib/sinatra/base.rb:629:in `call'
 /Users/brandon/.rvm/gems/ruby-1.9.3-preview1/gems/rack-1.3.2/lib/rack/head.rb:9:in `call'
 /Users/brandon/.rvm/gems/ruby-1.9.3-preview1/gems/sinatra-1.2.6/lib/sinatra/showexceptions.rb:21:in `call'
 /Users/brandon/.rvm/gems/ruby-1.9.3-preview1/gems/sinatra-1.2.6/lib/sinatra/base.rb:1272:in `block in call'
 /Users/brandon/.rvm/gems/ruby-1.9.3-preview1/gems/sinatra-1.2.6/lib/sinatra/base.rb:1303:in `synchronize'
 /Users/brandon/.rvm/gems/ruby-1.9.3-preview1/gems/sinatra-1.2.6/lib/sinatra/base.rb:1272:in `call'
 /Users/brandon/.rvm/gems/ruby-1.9.3-preview1/gems/thin-1.2.7/lib/thin/connection.rb:76:in `block in pre_process'
 /Users/brandon/.rvm/gems/ruby-1.9.3-preview1/gems/thin-1.2.7/lib/thin/connection.rb:74:in `catch'
 /Users/brandon/.rvm/gems/ruby-1.9.3-preview1/gems/thin-1.2.7/lib/thin/connection.rb:74:in `pre_process'
 /Users/brandon/.rvm/gems/ruby-1.9.3-preview1/gems/thin-1.2.7/lib/thin/connection.rb:57:in `process'
 /Users/brandon/.rvm/gems/ruby-1.9.3-preview1/gems/thin-1.2.7/lib/thin/connection.rb:42:in `receive_data'
 /Users/brandon/.rvm/gems/ruby-1.9.3-preview1/gems/eventmachine-0.12.10/lib/eventmachine.rb:256:in `run_machine'
 /Users/brandon/.rvm/gems/ruby-1.9.3-preview1/gems/eventmachine-0.12.10/lib/eventmachine.rb:256:in `run'
 /Users/brandon/.rvm/gems/ruby-1.9.3-preview1/gems/thin-1.2.7/lib/thin/backends/base.rb:57:in `start'
 /Users/brandon/.rvm/gems/ruby-1.9.3-preview1/gems/thin-1.2.7/lib/thin/server.rb:156:in `start'
 /Users/brandon/.rvm/gems/ruby-1.9.3-preview1/gems/thin-1.2.7/lib/thin/controllers/controller.rb:80:in `start'
 /Users/brandon/.rvm/gems/ruby-1.9.3-preview1/gems/thin-1.2.7/lib/thin/runner.rb:177:in `run_command'
 /Users/brandon/.rvm/gems/ruby-1.9.3-preview1/gems/thin-1.2.7/lib/thin/runner.rb:143:in `run!'
 /Users/brandon/.rvm/gems/ruby-1.9.3-preview1/gems/thin-1.2.7/bin/thin:6:in `<top (required)>'
 /Users/brandon/.rvm/gems/ruby-1.9.3-preview1/bin/thin:19:in `load'
 /Users/brandon/.rvm/gems/ruby-1.9.3-preview1/bin/thin:19:in `<main>'
RuntimeError - ERR unknown command 'rrem':
 /Users/brandon/.rvm/gems/ruby-1.9.3-preview1/gems/redis-2.2.2/lib/redis/client.rb:47:in `call'
 /Users/brandon/.rvm/gems/ruby-1.9.3-preview1/gems/redis-2.2.2/lib/redis.rb:1081:in `block in method_missing'
 /Users/brandon/.rvm/rubies/ruby-1.9.3-preview1/lib/ruby/1.9.1/monitor.rb:211:in `mon_synchronize'
 /Users/brandon/.rvm/gems/ruby-1.9.3-preview1/gems/redis-2.2.2/lib/redis.rb:1080:in `method_missing'
 /Users/brandon/Documents/workspace/ruby/ChatterBee/lib/room.rb:23:in `leave!'
 /Users/brandon/Documents/workspace/ruby/ChatterBee/app.rb:33:in `block in <class:ChatterBee>'
 /Users/brandon/.rvm/gems/ruby-1.9.3-preview1/gems/sinatra-1.2.6/lib/sinatra/base.rb:1151:in `call'
 /Users/brandon/.rvm/gems/ruby-1.9.3-preview1/gems/sinatra-1.2.6/lib/sinatra/base.rb:1151:in `block in compile!'
 /Users/brandon/.rvm/gems/ruby-1.9.3-preview1/gems/sinatra-1.2.6/lib/sinatra/base.rb:724:in `instance_eval'
 /Users/brandon/.rvm/gems/ruby-1.9.3-preview1/gems/sinatra-1.2.6/lib/sinatra/base.rb:724:in `route_eval'
 /Users/brandon/.rvm/gems/ruby-1.9.3-preview1/gems/sinatra-1.2.6/lib/sinatra/base.rb:708:in `block (2 levels) in route!'
 /Users/brandon/.rvm/gems/ruby-1.9.3-preview1/gems/sinatra-1.2.6/lib/sinatra/base.rb:758:in `block in process_route'
 /Users/brandon/.rvm/gems/ruby-1.9.3-preview1/gems/sinatra-1.2.6/lib/sinatra/base.rb:755:in `catch'
 /Users/brandon/.rvm/gems/ruby-1.9.3-preview1/gems/sinatra-1.2.6/lib/sinatra/base.rb:755:in `process_route'
 /Users/brandon/.rvm/gems/ruby-1.9.3-preview1/gems/sinatra-1.2.6/lib/sinatra/base.rb:707:in `block in route!'
 /Users/brandon/.rvm/gems/ruby-1.9.3-preview1/gems/sinatra-1.2.6/lib/sinatra/base.rb:706:in `each'
 /Users/brandon/.rvm/gems/ruby-1.9.3-preview1/gems/sinatra-1.2.6/lib/sinatra/base.rb:706:in `route!'
 /Users/brandon/.rvm/gems/ruby-1.9.3-preview1/gems/sinatra-1.2.6/lib/sinatra/base.rb:843:in `dispatch!'
 /Users/brandon/.rvm/gems/ruby-1.9.3-preview1/gems/sinatra-1.2.6/lib/sinatra/base.rb:644:in `block in call!'
 /Users/brandon/.rvm/gems/ruby-1.9.3-preview1/gems/sinatra-1.2.6/lib/sinatra/base.rb:808:in `instance_eval'
 /Users/brandon/.rvm/gems/ruby-1.9.3-preview1/gems/sinatra-1.2.6/lib/sinatra/base.rb:808:in `block in invoke'
 /Users/brandon/.rvm/gems/ruby-1.9.3-preview1/gems/sinatra-1.2.6/lib/sinatra/base.rb:808:in `catch'
 /Users/brandon/.rvm/gems/ruby-1.9.3-preview1/gems/sinatra-1.2.6/lib/sinatra/base.rb:808:in `invoke'
 /Users/brandon/.rvm/gems/ruby-1.9.3-preview1/gems/sinatra-1.2.6/lib/sinatra/base.rb:644:in `call!'
 /Users/brandon/.rvm/gems/ruby-1.9.3-preview1/gems/sinatra-1.2.6/lib/sinatra/base.rb:629:in `call'
 /Users/brandon/.rvm/gems/ruby-1.9.3-preview1/gems/rack-1.3.2/lib/rack/head.rb:9:in `call'
 /Users/brandon/.rvm/gems/ruby-1.9.3-preview1/gems/sinatra-1.2.6/lib/sinatra/showexceptions.rb:21:in `call'
 /Users/brandon/.rvm/gems/ruby-1.9.3-preview1/gems/sinatra-1.2.6/lib/sinatra/base.rb:1272:in `block in call'
 /Users/brandon/.rvm/gems/ruby-1.9.3-preview1/gems/sinatra-1.2.6/lib/sinatra/base.rb:1303:in `synchronize'
 /Users/brandon/.rvm/gems/ruby-1.9.3-preview1/gems/sinatra-1.2.6/lib/sinatra/base.rb:1272:in `call'
 /Users/brandon/.rvm/gems/ruby-1.9.3-preview1/gems/thin-1.2.7/lib/thin/connection.rb:76:in `block in pre_process'
 /Users/brandon/.rvm/gems/ruby-1.9.3-preview1/gems/thin-1.2.7/lib/thin/connection.rb:74:in `catch'
 /Users/brandon/.rvm/gems/ruby-1.9.3-preview1/gems/thin-1.2.7/lib/thin/connection.rb:74:in `pre_process'
 /Users/brandon/.rvm/gems/ruby-1.9.3-preview1/gems/thin-1.2.7/lib/thin/connection.rb:57:in `process'
 /Users/brandon/.rvm/gems/ruby-1.9.3-preview1/gems/thin-1.2.7/lib/thin/connection.rb:42:in `receive_data'
 /Users/brandon/.rvm/gems/ruby-1.9.3-preview1/gems/eventmachine-0.12.10/lib/eventmachine.rb:256:in `run_machine'
 /Users/brandon/.rvm/gems/ruby-1.9.3-preview1/gems/eventmachine-0.12.10/lib/eventmachine.rb:256:in `run'
 /Users/brandon/.rvm/gems/ruby-1.9.3-preview1/gems/thin-1.2.7/lib/thin/backends/base.rb:57:in `start'
 /Users/brandon/.rvm/gems/ruby-1.9.3-preview1/gems/thin-1.2.7/lib/thin/server.rb:156:in `start'
 /Users/brandon/.rvm/gems/ruby-1.9.3-preview1/gems/thin-1.2.7/lib/thin/controllers/controller.rb:80:in `start'
 /Users/brandon/.rvm/gems/ruby-1.9.3-preview1/gems/thin-1.2.7/lib/thin/runner.rb:177:in `run_command'
 /Users/brandon/.rvm/gems/ruby-1.9.3-preview1/gems/thin-1.2.7/lib/thin/runner.rb:143:in `run!'
 /Users/brandon/.rvm/gems/ruby-1.9.3-preview1/gems/thin-1.2.7/bin/thin:6:in `<top (required)>'
 /Users/brandon/.rvm/gems/ruby-1.9.3-preview1/bin/thin:19:in `load'
 /Users/brandon/.rvm/gems/ruby-1.9.3-preview1/bin/thin:19:in `<main>'
RuntimeError - ERR unknown command 'rrem':
 /Users/brandon/.rvm/gems/ruby-1.9.3-preview1/gems/redis-2.2.2/lib/redis/client.rb:47:in `call'
 /Users/brandon/.rvm/gems/ruby-1.9.3-preview1/gems/redis-2.2.2/lib/redis.rb:1081:in `block in method_missing'
 /Users/brandon/.rvm/rubies/ruby-1.9.3-preview1/lib/ruby/1.9.1/monitor.rb:211:in `mon_synchronize'
 /Users/brandon/.rvm/gems/ruby-1.9.3-preview1/gems/redis-2.2.2/lib/redis.rb:1080:in `method_missing'
 /Users/brandon/Documents/workspace/ruby/ChatterBee/lib/room.rb:23:in `leave!'
 /Users/brandon/Documents/workspace/ruby/ChatterBee/app.rb:33:in `block in <class:ChatterBee>'
 /Users/brandon/.rvm/gems/ruby-1.9.3-preview1/gems/sinatra-1.2.6/lib/sinatra/base.rb:1151:in `call'
 /Users/brandon/.rvm/gems/ruby-1.9.3-preview1/gems/sinatra-1.2.6/lib/sinatra/base.rb:1151:in `block in compile!'
 /Users/brandon/.rvm/gems/ruby-1.9.3-preview1/gems/sinatra-1.2.6/lib/sinatra/base.rb:724:in `instance_eval'
 /Users/brandon/.rvm/gems/ruby-1.9.3-preview1/gems/sinatra-1.2.6/lib/sinatra/base.rb:724:in `route_eval'
 /Users/brandon/.rvm/gems/ruby-1.9.3-preview1/gems/sinatra-1.2.6/lib/sinatra/base.rb:708:in `block (2 levels) in route!'
 /Users/brandon/.rvm/gems/ruby-1.9.3-preview1/gems/sinatra-1.2.6/lib/sinatra/base.rb:758:in `block in process_route'
 /Users/brandon/.rvm/gems/ruby-1.9.3-preview1/gems/sinatra-1.2.6/lib/sinatra/base.rb:755:in `catch'
 /Users/brandon/.rvm/gems/ruby-1.9.3-preview1/gems/sinatra-1.2.6/lib/sinatra/base.rb:755:in `process_route'
 /Users/brandon/.rvm/gems/ruby-1.9.3-preview1/gems/sinatra-1.2.6/lib/sinatra/base.rb:707:in `block in route!'
 /Users/brandon/.rvm/gems/ruby-1.9.3-preview1/gems/sinatra-1.2.6/lib/sinatra/base.rb:706:in `each'
 /Users/brandon/.rvm/gems/ruby-1.9.3-preview1/gems/sinatra-1.2.6/lib/sinatra/base.rb:706:in `route!'
 /Users/brandon/.rvm/gems/ruby-1.9.3-preview1/gems/sinatra-1.2.6/lib/sinatra/base.rb:843:in `dispatch!'
 /Users/brandon/.rvm/gems/ruby-1.9.3-preview1/gems/sinatra-1.2.6/lib/sinatra/base.rb:644:in `block in call!'
 /Users/brandon/.rvm/gems/ruby-1.9.3-preview1/gems/sinatra-1.2.6/lib/sinatra/base.rb:808:in `instance_eval'
 /Users/brandon/.rvm/gems/ruby-1.9.3-preview1/gems/sinatra-1.2.6/lib/sinatra/base.rb:808:in `block in invoke'
 /Users/brandon/.rvm/gems/ruby-1.9.3-preview1/gems/sinatra-1.2.6/lib/sinatra/base.rb:808:in `catch'
 /Users/brandon/.rvm/gems/ruby-1.9.3-preview1/gems/sinatra-1.2.6/lib/sinatra/base.rb:808:in `invoke'
 /Users/brandon/.rvm/gems/ruby-1.9.3-preview1/gems/sinatra-1.2.6/lib/sinatra/base.rb:644:in `call!'
 /Users/brandon/.rvm/gems/ruby-1.9.3-preview1/gems/sinatra-1.2.6/lib/sinatra/base.rb:629:in `call'
 /Users/brandon/.rvm/gems/ruby-1.9.3-preview1/gems/rack-1.3.2/lib/rack/head.rb:9:in `call'
 /Users/brandon/.rvm/gems/ruby-1.9.3-preview1/gems/sinatra-1.2.6/lib/sinatra/showexceptions.rb:21:in `call'
 /Users/brandon/.rvm/gems/ruby-1.9.3-preview1/gems/sinatra-1.2.6/lib/sinatra/base.rb:1272:in `block in call'
 /Users/brandon/.rvm/gems/ruby-1.9.3-preview1/gems/sinatra-1.2.6/lib/sinatra/base.rb:1303:in `synchronize'
 /Users/brandon/.rvm/gems/ruby-1.9.3-preview1/gems/sinatra-1.2.6/lib/sinatra/base.rb:1272:in `call'
 /Users/brandon/.rvm/gems/ruby-1.9.3-preview1/gems/thin-1.2.7/lib/thin/connection.rb:76:in `block in pre_process'
 /Users/brandon/.rvm/gems/ruby-1.9.3-preview1/gems/thin-1.2.7/lib/thin/connection.rb:74:in `catch'
 /Users/brandon/.rvm/gems/ruby-1.9.3-preview1/gems/thin-1.2.7/lib/thin/connection.rb:74:in `pre_process'
 /Users/brandon/.rvm/gems/ruby-1.9.3-preview1/gems/thin-1.2.7/lib/thin/connection.rb:57:in `process'
 /Users/brandon/.rvm/gems/ruby-1.9.3-preview1/gems/thin-1.2.7/lib/thin/connection.rb:42:in `receive_data'
 /Users/brandon/.rvm/gems/ruby-1.9.3-preview1/gems/eventmachine-0.12.10/lib/eventmachine.rb:256:in `run_machine'
 /Users/brandon/.rvm/gems/ruby-1.9.3-preview1/gems/eventmachine-0.12.10/lib/eventmachine.rb:256:in `run'
 /Users/brandon/.rvm/gems/ruby-1.9.3-preview1/gems/thin-1.2.7/lib/thin/backends/base.rb:57:in `start'
 /Users/brandon/.rvm/gems/ruby-1.9.3-preview1/gems/thin-1.2.7/lib/thin/server.rb:156:in `start'
 /Users/brandon/.rvm/gems/ruby-1.9.3-preview1/gems/thin-1.2.7/lib/thin/controllers/controller.rb:80:in `start'
 /Users/brandon/.rvm/gems/ruby-1.9.3-preview1/gems/thin-1.2.7/lib/thin/runner.rb:177:in `run_command'
 /Users/brandon/.rvm/gems/ruby-1.9.3-preview1/gems/thin-1.2.7/lib/thin/runner.rb:143:in `run!'
 /Users/brandon/.rvm/gems/ruby-1.9.3-preview1/gems/thin-1.2.7/bin/thin:6:in `<top (required)>'
 /Users/brandon/.rvm/gems/ruby-1.9.3-preview1/bin/thin:19:in `load'
 /Users/brandon/.rvm/gems/ruby-1.9.3-preview1/bin/thin:19:in `<main>'
RuntimeError - ERR unknown command 'rrem':
 /Users/brandon/.rvm/gems/ruby-1.9.3-preview1/gems/redis-2.2.2/lib/redis/client.rb:47:in `call'
 /Users/brandon/.rvm/gems/ruby-1.9.3-preview1/gems/redis-2.2.2/lib/redis.rb:1081:in `block in method_missing'
 /Users/brandon/.rvm/rubies/ruby-1.9.3-preview1/lib/ruby/1.9.1/monitor.rb:211:in `mon_synchronize'
 /Users/brandon/.rvm/gems/ruby-1.9.3-preview1/gems/redis-2.2.2/lib/redis.rb:1080:in `method_missing'
 /Users/brandon/Documents/workspace/ruby/ChatterBee/lib/room.rb:23:in `leave!'
 /Users/brandon/Documents/workspace/ruby/ChatterBee/app.rb:33:in `block in <class:ChatterBee>'
 /Users/brandon/.rvm/gems/ruby-1.9.3-preview1/gems/sinatra-1.2.6/lib/sinatra/base.rb:1151:in `call'
 /Users/brandon/.rvm/gems/ruby-1.9.3-preview1/gems/sinatra-1.2.6/lib/sinatra/base.rb:1151:in `block in compile!'
 /Users/brandon/.rvm/gems/ruby-1.9.3-preview1/gems/sinatra-1.2.6/lib/sinatra/base.rb:724:in `instance_eval'
 /Users/brandon/.rvm/gems/ruby-1.9.3-preview1/gems/sinatra-1.2.6/lib/sinatra/base.rb:724:in `route_eval'
 /Users/brandon/.rvm/gems/ruby-1.9.3-preview1/gems/sinatra-1.2.6/lib/sinatra/base.rb:708:in `block (2 levels) in route!'
 /Users/brandon/.rvm/gems/ruby-1.9.3-preview1/gems/sinatra-1.2.6/lib/sinatra/base.rb:758:in `block in process_route'
 /Users/brandon/.rvm/gems/ruby-1.9.3-preview1/gems/sinatra-1.2.6/lib/sinatra/base.rb:755:in `catch'
 /Users/brandon/.rvm/gems/ruby-1.9.3-preview1/gems/sinatra-1.2.6/lib/sinatra/base.rb:755:in `process_route'
 /Users/brandon/.rvm/gems/ruby-1.9.3-preview1/gems/sinatra-1.2.6/lib/sinatra/base.rb:707:in `block in route!'
 /Users/brandon/.rvm/gems/ruby-1.9.3-preview1/gems/sinatra-1.2.6/lib/sinatra/base.rb:706:in `each'
 /Users/brandon/.rvm/gems/ruby-1.9.3-preview1/gems/sinatra-1.2.6/lib/sinatra/base.rb:706:in `route!'
 /Users/brandon/.rvm/gems/ruby-1.9.3-preview1/gems/sinatra-1.2.6/lib/sinatra/base.rb:843:in `dispatch!'
 /Users/brandon/.rvm/gems/ruby-1.9.3-preview1/gems/sinatra-1.2.6/lib/sinatra/base.rb:644:in `block in call!'
 /Users/brandon/.rvm/gems/ruby-1.9.3-preview1/gems/sinatra-1.2.6/lib/sinatra/base.rb:808:in `instance_eval'
 /Users/brandon/.rvm/gems/ruby-1.9.3-preview1/gems/sinatra-1.2.6/lib/sinatra/base.rb:808:in `block in invoke'
 /Users/brandon/.rvm/gems/ruby-1.9.3-preview1/gems/sinatra-1.2.6/lib/sinatra/base.rb:808:in `catch'
 /Users/brandon/.rvm/gems/ruby-1.9.3-preview1/gems/sinatra-1.2.6/lib/sinatra/base.rb:808:in `invoke'
 /Users/brandon/.rvm/gems/ruby-1.9.3-preview1/gems/sinatra-1.2.6/lib/sinatra/base.rb:644:in `call!'
 /Users/brandon/.rvm/gems/ruby-1.9.3-preview1/gems/sinatra-1.2.6/lib/sinatra/base.rb:629:in `call'
 /Users/brandon/.rvm/gems/ruby-1.9.3-preview1/gems/rack-1.3.2/lib/rack/head.rb:9:in `call'
 /Users/brandon/.rvm/gems/ruby-1.9.3-preview1/gems/sinatra-1.2.6/lib/sinatra/showexceptions.rb:21:in `call'
 /Users/brandon/.rvm/gems/ruby-1.9.3-preview1/gems/sinatra-1.2.6/lib/sinatra/base.rb:1272:in `block in call'
 /Users/brandon/.rvm/gems/ruby-1.9.3-preview1/gems/sinatra-1.2.6/lib/sinatra/base.rb:1303:in `synchronize'
 /Users/brandon/.rvm/gems/ruby-1.9.3-preview1/gems/sinatra-1.2.6/lib/sinatra/base.rb:1272:in `call'
 /Users/brandon/.rvm/gems/ruby-1.9.3-preview1/gems/thin-1.2.7/lib/thin/connection.rb:76:in `block in pre_process'
 /Users/brandon/.rvm/gems/ruby-1.9.3-preview1/gems/thin-1.2.7/lib/thin/connection.rb:74:in `catch'
 /Users/brandon/.rvm/gems/ruby-1.9.3-preview1/gems/thin-1.2.7/lib/thin/connection.rb:74:in `pre_process'
 /Users/brandon/.rvm/gems/ruby-1.9.3-preview1/gems/thin-1.2.7/lib/thin/connection.rb:57:in `process'
 /Users/brandon/.rvm/gems/ruby-1.9.3-preview1/gems/thin-1.2.7/lib/thin/connection.rb:42:in `receive_data'
 /Users/brandon/.rvm/gems/ruby-1.9.3-preview1/gems/eventmachine-0.12.10/lib/eventmachine.rb:256:in `run_machine'
 /Users/brandon/.rvm/gems/ruby-1.9.3-preview1/gems/eventmachine-0.12.10/lib/eventmachine.rb:256:in `run'
 /Users/brandon/.rvm/gems/ruby-1.9.3-preview1/gems/thin-1.2.7/lib/thin/backends/base.rb:57:in `start'
 /Users/brandon/.rvm/gems/ruby-1.9.3-preview1/gems/thin-1.2.7/lib/thin/server.rb:156:in `start'
 /Users/brandon/.rvm/gems/ruby-1.9.3-preview1/gems/thin-1.2.7/lib/thin/controllers/controller.rb:80:in `start'
 /Users/brandon/.rvm/gems/ruby-1.9.3-preview1/gems/thin-1.2.7/lib/thin/runner.rb:177:in `run_command'
 /Users/brandon/.rvm/gems/ruby-1.9.3-preview1/gems/thin-1.2.7/lib/thin/runner.rb:143:in `run!'
 /Users/brandon/.rvm/gems/ruby-1.9.3-preview1/gems/thin-1.2.7/bin/thin:6:in `<top (required)>'
 /Users/brandon/.rvm/gems/ruby-1.9.3-preview1/bin/thin:19:in `load'
 /Users/brandon/.rvm/gems/ruby-1.9.3-preview1/bin/thin:19:in `<main>'
RuntimeError - ERR unknown command 'rrem':
 /Users/brandon/.rvm/gems/ruby-1.9.3-preview1/gems/redis-2.2.2/lib/redis/client.rb:47:in `call'
 /Users/brandon/.rvm/gems/ruby-1.9.3-preview1/gems/redis-2.2.2/lib/redis.rb:1081:in `block in method_missing'
 /Users/brandon/.rvm/rubies/ruby-1.9.3-preview1/lib/ruby/1.9.1/monitor.rb:211:in `mon_synchronize'
 /Users/brandon/.rvm/gems/ruby-1.9.3-preview1/gems/redis-2.2.2/lib/redis.rb:1080:in `method_missing'
 /Users/brandon/Documents/workspace/ruby/ChatterBee/lib/room.rb:23:in `leave!'
 /Users/brandon/Documents/workspace/ruby/ChatterBee/app.rb:33:in `block in <class:ChatterBee>'
 /Users/brandon/.rvm/gems/ruby-1.9.3-preview1/gems/sinatra-1.2.6/lib/sinatra/base.rb:1151:in `call'
 /Users/brandon/.rvm/gems/ruby-1.9.3-preview1/gems/sinatra-1.2.6/lib/sinatra/base.rb:1151:in `block in compile!'
 /Users/brandon/.rvm/gems/ruby-1.9.3-preview1/gems/sinatra-1.2.6/lib/sinatra/base.rb:724:in `instance_eval'
 /Users/brandon/.rvm/gems/ruby-1.9.3-preview1/gems/sinatra-1.2.6/lib/sinatra/base.rb:724:in `route_eval'
 /Users/brandon/.rvm/gems/ruby-1.9.3-preview1/gems/sinatra-1.2.6/lib/sinatra/base.rb:708:in `block (2 levels) in route!'
 /Users/brandon/.rvm/gems/ruby-1.9.3-preview1/gems/sinatra-1.2.6/lib/sinatra/base.rb:758:in `block in process_route'
 /Users/brandon/.rvm/gems/ruby-1.9.3-preview1/gems/sinatra-1.2.6/lib/sinatra/base.rb:755:in `catch'
 /Users/brandon/.rvm/gems/ruby-1.9.3-preview1/gems/sinatra-1.2.6/lib/sinatra/base.rb:755:in `process_route'
 /Users/brandon/.rvm/gems/ruby-1.9.3-preview1/gems/sinatra-1.2.6/lib/sinatra/base.rb:707:in `block in route!'
 /Users/brandon/.rvm/gems/ruby-1.9.3-preview1/gems/sinatra-1.2.6/lib/sinatra/base.rb:706:in `each'
 /Users/brandon/.rvm/gems/ruby-1.9.3-preview1/gems/sinatra-1.2.6/lib/sinatra/base.rb:706:in `route!'
 /Users/brandon/.rvm/gems/ruby-1.9.3-preview1/gems/sinatra-1.2.6/lib/sinatra/base.rb:843:in `dispatch!'
 /Users/brandon/.rvm/gems/ruby-1.9.3-preview1/gems/sinatra-1.2.6/lib/sinatra/base.rb:644:in `block in call!'
 /Users/brandon/.rvm/gems/ruby-1.9.3-preview1/gems/sinatra-1.2.6/lib/sinatra/base.rb:808:in `instance_eval'
 /Users/brandon/.rvm/gems/ruby-1.9.3-preview1/gems/sinatra-1.2.6/lib/sinatra/base.rb:808:in `block in invoke'
 /Users/brandon/.rvm/gems/ruby-1.9.3-preview1/gems/sinatra-1.2.6/lib/sinatra/base.rb:808:in `catch'
 /Users/brandon/.rvm/gems/ruby-1.9.3-preview1/gems/sinatra-1.2.6/lib/sinatra/base.rb:808:in `invoke'
 /Users/brandon/.rvm/gems/ruby-1.9.3-preview1/gems/sinatra-1.2.6/lib/sinatra/base.rb:644:in `call!'
 /Users/brandon/.rvm/gems/ruby-1.9.3-preview1/gems/sinatra-1.2.6/lib/sinatra/base.rb:629:in `call'
 /Users/brandon/.rvm/gems/ruby-1.9.3-preview1/gems/rack-1.3.2/lib/rack/head.rb:9:in `call'
 /Users/brandon/.rvm/gems/ruby-1.9.3-preview1/gems/sinatra-1.2.6/lib/sinatra/showexceptions.rb:21:in `call'
 /Users/brandon/.rvm/gems/ruby-1.9.3-preview1/gems/sinatra-1.2.6/lib/sinatra/base.rb:1272:in `block in call'
 /Users/brandon/.rvm/gems/ruby-1.9.3-preview1/gems/sinatra-1.2.6/lib/sinatra/base.rb:1303:in `synchronize'
 /Users/brandon/.rvm/gems/ruby-1.9.3-preview1/gems/sinatra-1.2.6/lib/sinatra/base.rb:1272:in `call'
 /Users/brandon/.rvm/gems/ruby-1.9.3-preview1/gems/thin-1.2.7/lib/thin/connection.rb:76:in `block in pre_process'
 /Users/brandon/.rvm/gems/ruby-1.9.3-preview1/gems/thin-1.2.7/lib/thin/connection.rb:74:in `catch'
 /Users/brandon/.rvm/gems/ruby-1.9.3-preview1/gems/thin-1.2.7/lib/thin/connection.rb:74:in `pre_process'
 /Users/brandon/.rvm/gems/ruby-1.9.3-preview1/gems/thin-1.2.7/lib/thin/connection.rb:57:in `process'
 /Users/brandon/.rvm/gems/ruby-1.9.3-preview1/gems/thin-1.2.7/lib/thin/connection.rb:42:in `receive_data'
 /Users/brandon/.rvm/gems/ruby-1.9.3-preview1/gems/eventmachine-0.12.10/lib/eventmachine.rb:256:in `run_machine'
 /Users/brandon/.rvm/gems/ruby-1.9.3-preview1/gems/eventmachine-0.12.10/lib/eventmachine.rb:256:in `run'
 /Users/brandon/.rvm/gems/ruby-1.9.3-preview1/gems/thin-1.2.7/lib/thin/backends/base.rb:57:in `start'
 /Users/brandon/.rvm/gems/ruby-1.9.3-preview1/gems/thin-1.2.7/lib/thin/server.rb:156:in `start'
 /Users/brandon/.rvm/gems/ruby-1.9.3-preview1/gems/thin-1.2.7/lib/thin/controllers/controller.rb:80:in `start'
 /Users/brandon/.rvm/gems/ruby-1.9.3-preview1/gems/thin-1.2.7/lib/thin/runner.rb:177:in `run_command'
 /Users/brandon/.rvm/gems/ruby-1.9.3-preview1/gems/thin-1.2.7/lib/thin/runner.rb:143:in `run!'
 /Users/brandon/.rvm/gems/ruby-1.9.3-preview1/gems/thin-1.2.7/bin/thin:6:in `<top (required)>'
 /Users/brandon/.rvm/gems/ruby-1.9.3-preview1/bin/thin:19:in `load'
 /Users/brandon/.rvm/gems/ruby-1.9.3-preview1/bin/thin:19:in `<main>'
RuntimeError - ERR unknown command 'rrem':
 /Users/brandon/.rvm/gems/ruby-1.9.3-preview1/gems/redis-2.2.2/lib/redis/client.rb:47:in `call'
 /Users/brandon/.rvm/gems/ruby-1.9.3-preview1/gems/redis-2.2.2/lib/redis.rb:1081:in `block in method_missing'
 /Users/brandon/.rvm/rubies/ruby-1.9.3-preview1/lib/ruby/1.9.1/monitor.rb:211:in `mon_synchronize'
 /Users/brandon/.rvm/gems/ruby-1.9.3-preview1/gems/redis-2.2.2/lib/redis.rb:1080:in `method_missing'
 /Users/brandon/Documents/workspace/ruby/ChatterBee/lib/room.rb:23:in `leave!'
 /Users/brandon/Documents/workspace/ruby/ChatterBee/app.rb:33:in `block in <class:ChatterBee>'
 /Users/brandon/.rvm/gems/ruby-1.9.3-preview1/gems/sinatra-1.2.6/lib/sinatra/base.rb:1151:in `call'
 /Users/brandon/.rvm/gems/ruby-1.9.3-preview1/gems/sinatra-1.2.6/lib/sinatra/base.rb:1151:in `block in compile!'
 /Users/brandon/.rvm/gems/ruby-1.9.3-preview1/gems/sinatra-1.2.6/lib/sinatra/base.rb:724:in `instance_eval'
 /Users/brandon/.rvm/gems/ruby-1.9.3-preview1/gems/sinatra-1.2.6/lib/sinatra/base.rb:724:in `route_eval'
 /Users/brandon/.rvm/gems/ruby-1.9.3-preview1/gems/sinatra-1.2.6/lib/sinatra/base.rb:708:in `block (2 levels) in route!'
 /Users/brandon/.rvm/gems/ruby-1.9.3-preview1/gems/sinatra-1.2.6/lib/sinatra/base.rb:758:in `block in process_route'
 /Users/brandon/.rvm/gems/ruby-1.9.3-preview1/gems/sinatra-1.2.6/lib/sinatra/base.rb:755:in `catch'
 /Users/brandon/.rvm/gems/ruby-1.9.3-preview1/gems/sinatra-1.2.6/lib/sinatra/base.rb:755:in `process_route'
 /Users/brandon/.rvm/gems/ruby-1.9.3-preview1/gems/sinatra-1.2.6/lib/sinatra/base.rb:707:in `block in route!'
 /Users/brandon/.rvm/gems/ruby-1.9.3-preview1/gems/sinatra-1.2.6/lib/sinatra/base.rb:706:in `each'
 /Users/brandon/.rvm/gems/ruby-1.9.3-preview1/gems/sinatra-1.2.6/lib/sinatra/base.rb:706:in `route!'
 /Users/brandon/.rvm/gems/ruby-1.9.3-preview1/gems/sinatra-1.2.6/lib/sinatra/base.rb:843:in `dispatch!'
 /Users/brandon/.rvm/gems/ruby-1.9.3-preview1/gems/sinatra-1.2.6/lib/sinatra/base.rb:644:in `block in call!'
 /Users/brandon/.rvm/gems/ruby-1.9.3-preview1/gems/sinatra-1.2.6/lib/sinatra/base.rb:808:in `instance_eval'
 /Users/brandon/.rvm/gems/ruby-1.9.3-preview1/gems/sinatra-1.2.6/lib/sinatra/base.rb:808:in `block in invoke'
 /Users/brandon/.rvm/gems/ruby-1.9.3-preview1/gems/sinatra-1.2.6/lib/sinatra/base.rb:808:in `catch'
 /Users/brandon/.rvm/gems/ruby-1.9.3-preview1/gems/sinatra-1.2.6/lib/sinatra/base.rb:808:in `invoke'
 /Users/brandon/.rvm/gems/ruby-1.9.3-preview1/gems/sinatra-1.2.6/lib/sinatra/base.rb:644:in `call!'
 /Users/brandon/.rvm/gems/ruby-1.9.3-preview1/gems/sinatra-1.2.6/lib/sinatra/base.rb:629:in `call'
 /Users/brandon/.rvm/gems/ruby-1.9.3-preview1/gems/rack-1.3.2/lib/rack/head.rb:9:in `call'
 /Users/brandon/.rvm/gems/ruby-1.9.3-preview1/gems/sinatra-1.2.6/lib/sinatra/showexceptions.rb:21:in `call'
 /Users/brandon/.rvm/gems/ruby-1.9.3-preview1/gems/sinatra-1.2.6/lib/sinatra/base.rb:1272:in `block in call'
 /Users/brandon/.rvm/gems/ruby-1.9.3-preview1/gems/sinatra-1.2.6/lib/sinatra/base.rb:1303:in `synchronize'
 /Users/brandon/.rvm/gems/ruby-1.9.3-preview1/gems/sinatra-1.2.6/lib/sinatra/base.rb:1272:in `call'
 /Users/brandon/.rvm/gems/ruby-1.9.3-preview1/gems/thin-1.2.7/lib/thin/connection.rb:76:in `block in pre_process'
 /Users/brandon/.rvm/gems/ruby-1.9.3-preview1/gems/thin-1.2.7/lib/thin/connection.rb:74:in `catch'
 /Users/brandon/.rvm/gems/ruby-1.9.3-preview1/gems/thin-1.2.7/lib/thin/connection.rb:74:in `pre_process'
 /Users/brandon/.rvm/gems/ruby-1.9.3-preview1/gems/thin-1.2.7/lib/thin/connection.rb:57:in `process'
 /Users/brandon/.rvm/gems/ruby-1.9.3-preview1/gems/thin-1.2.7/lib/thin/connection.rb:42:in `receive_data'
 /Users/brandon/.rvm/gems/ruby-1.9.3-preview1/gems/eventmachine-0.12.10/lib/eventmachine.rb:256:in `run_machine'
 /Users/brandon/.rvm/gems/ruby-1.9.3-preview1/gems/eventmachine-0.12.10/lib/eventmachine.rb:256:in `run'
 /Users/brandon/.rvm/gems/ruby-1.9.3-preview1/gems/thin-1.2.7/lib/thin/backends/base.rb:57:in `start'
 /Users/brandon/.rvm/gems/ruby-1.9.3-preview1/gems/thin-1.2.7/lib/thin/server.rb:156:in `start'
 /Users/brandon/.rvm/gems/ruby-1.9.3-preview1/gems/thin-1.2.7/lib/thin/controllers/controller.rb:80:in `start'
 /Users/brandon/.rvm/gems/ruby-1.9.3-preview1/gems/thin-1.2.7/lib/thin/runner.rb:177:in `run_command'
 /Users/brandon/.rvm/gems/ruby-1.9.3-preview1/gems/thin-1.2.7/lib/thin/runner.rb:143:in `run!'
 /Users/brandon/.rvm/gems/ruby-1.9.3-preview1/gems/thin-1.2.7/bin/thin:6:in `<top (required)>'
 /Users/brandon/.rvm/gems/ruby-1.9.3-preview1/bin/thin:19:in `load'
 /Users/brandon/.rvm/gems/ruby-1.9.3-preview1/bin/thin:19:in `<main>'
RuntimeError - ERR unknown command 'rrem':
 /Users/brandon/.rvm/gems/ruby-1.9.3-preview1/gems/redis-2.2.2/lib/redis/client.rb:47:in `call'
 /Users/brandon/.rvm/gems/ruby-1.9.3-preview1/gems/redis-2.2.2/lib/redis.rb:1081:in `block in method_missing'
 /Users/brandon/.rvm/rubies/ruby-1.9.3-preview1/lib/ruby/1.9.1/monitor.rb:211:in `mon_synchronize'
 /Users/brandon/.rvm/gems/ruby-1.9.3-preview1/gems/redis-2.2.2/lib/redis.rb:1080:in `method_missing'
 /Users/brandon/Documents/workspace/ruby/ChatterBee/lib/room.rb:23:in `leave!'
 /Users/brandon/Documents/workspace/ruby/ChatterBee/app.rb:33:in `block in <class:ChatterBee>'
 /Users/brandon/.rvm/gems/ruby-1.9.3-preview1/gems/sinatra-1.2.6/lib/sinatra/base.rb:1151:in `call'
 /Users/brandon/.rvm/gems/ruby-1.9.3-preview1/gems/sinatra-1.2.6/lib/sinatra/base.rb:1151:in `block in compile!'
 /Users/brandon/.rvm/gems/ruby-1.9.3-preview1/gems/sinatra-1.2.6/lib/sinatra/base.rb:724:in `instance_eval'
 /Users/brandon/.rvm/gems/ruby-1.9.3-preview1/gems/sinatra-1.2.6/lib/sinatra/base.rb:724:in `route_eval'
 /Users/brandon/.rvm/gems/ruby-1.9.3-preview1/gems/sinatra-1.2.6/lib/sinatra/base.rb:708:in `block (2 levels) in route!'
 /Users/brandon/.rvm/gems/ruby-1.9.3-preview1/gems/sinatra-1.2.6/lib/sinatra/base.rb:758:in `block in process_route'
 /Users/brandon/.rvm/gems/ruby-1.9.3-preview1/gems/sinatra-1.2.6/lib/sinatra/base.rb:755:in `catch'
 /Users/brandon/.rvm/gems/ruby-1.9.3-preview1/gems/sinatra-1.2.6/lib/sinatra/base.rb:755:in `process_route'
 /Users/brandon/.rvm/gems/ruby-1.9.3-preview1/gems/sinatra-1.2.6/lib/sinatra/base.rb:707:in `block in route!'
 /Users/brandon/.rvm/gems/ruby-1.9.3-preview1/gems/sinatra-1.2.6/lib/sinatra/base.rb:706:in `each'
 /Users/brandon/.rvm/gems/ruby-1.9.3-preview1/gems/sinatra-1.2.6/lib/sinatra/base.rb:706:in `route!'
 /Users/brandon/.rvm/gems/ruby-1.9.3-preview1/gems/sinatra-1.2.6/lib/sinatra/base.rb:843:in `dispatch!'
 /Users/brandon/.rvm/gems/ruby-1.9.3-preview1/gems/sinatra-1.2.6/lib/sinatra/base.rb:644:in `block in call!'
 /Users/brandon/.rvm/gems/ruby-1.9.3-preview1/gems/sinatra-1.2.6/lib/sinatra/base.rb:808:in `instance_eval'
 /Users/brandon/.rvm/gems/ruby-1.9.3-preview1/gems/sinatra-1.2.6/lib/sinatra/base.rb:808:in `block in invoke'
 /Users/brandon/.rvm/gems/ruby-1.9.3-preview1/gems/sinatra-1.2.6/lib/sinatra/base.rb:808:in `catch'
 /Users/brandon/.rvm/gems/ruby-1.9.3-preview1/gems/sinatra-1.2.6/lib/sinatra/base.rb:808:in `invoke'
 /Users/brandon/.rvm/gems/ruby-1.9.3-preview1/gems/sinatra-1.2.6/lib/sinatra/base.rb:644:in `call!'
 /Users/brandon/.rvm/gems/ruby-1.9.3-preview1/gems/sinatra-1.2.6/lib/sinatra/base.rb:629:in `call'
 /Users/brandon/.rvm/gems/ruby-1.9.3-preview1/gems/rack-1.3.2/lib/rack/head.rb:9:in `call'
 /Users/brandon/.rvm/gems/ruby-1.9.3-preview1/gems/sinatra-1.2.6/lib/sinatra/showexceptions.rb:21:in `call'
 /Users/brandon/.rvm/gems/ruby-1.9.3-preview1/gems/sinatra-1.2.6/lib/sinatra/base.rb:1272:in `block in call'
 /Users/brandon/.rvm/gems/ruby-1.9.3-preview1/gems/sinatra-1.2.6/lib/sinatra/base.rb:1303:in `synchronize'
 /Users/brandon/.rvm/gems/ruby-1.9.3-preview1/gems/sinatra-1.2.6/lib/sinatra/base.rb:1272:in `call'
 /Users/brandon/.rvm/gems/ruby-1.9.3-preview1/gems/thin-1.2.7/lib/thin/connection.rb:76:in `block in pre_process'
 /Users/brandon/.rvm/gems/ruby-1.9.3-preview1/gems/thin-1.2.7/lib/thin/connection.rb:74:in `catch'
 /Users/brandon/.rvm/gems/ruby-1.9.3-preview1/gems/thin-1.2.7/lib/thin/connection.rb:74:in `pre_process'
 /Users/brandon/.rvm/gems/ruby-1.9.3-preview1/gems/thin-1.2.7/lib/thin/connection.rb:57:in `process'
 /Users/brandon/.rvm/gems/ruby-1.9.3-preview1/gems/thin-1.2.7/lib/thin/connection.rb:42:in `receive_data'
 /Users/brandon/.rvm/gems/ruby-1.9.3-preview1/gems/eventmachine-0.12.10/lib/eventmachine.rb:256:in `run_machine'
 /Users/brandon/.rvm/gems/ruby-1.9.3-preview1/gems/eventmachine-0.12.10/lib/eventmachine.rb:256:in `run'
 /Users/brandon/.rvm/gems/ruby-1.9.3-preview1/gems/thin-1.2.7/lib/thin/backends/base.rb:57:in `start'
 /Users/brandon/.rvm/gems/ruby-1.9.3-preview1/gems/thin-1.2.7/lib/thin/server.rb:156:in `start'
 /Users/brandon/.rvm/gems/ruby-1.9.3-preview1/gems/thin-1.2.7/lib/thin/controllers/controller.rb:80:in `start'
 /Users/brandon/.rvm/gems/ruby-1.9.3-preview1/gems/thin-1.2.7/lib/thin/runner.rb:177:in `run_command'
 /Users/brandon/.rvm/gems/ruby-1.9.3-preview1/gems/thin-1.2.7/lib/thin/runner.rb:143:in `run!'
 /Users/brandon/.rvm/gems/ruby-1.9.3-preview1/gems/thin-1.2.7/bin/thin:6:in `<top (required)>'
 /Users/brandon/.rvm/gems/ruby-1.9.3-preview1/bin/thin:19:in `load'
 /Users/brandon/.rvm/gems/ruby-1.9.3-preview1/bin/thin:19:in `<main>'
RuntimeError - ERR unknown command 'rrem':
 /Users/brandon/.rvm/gems/ruby-1.9.3-preview1/gems/redis-2.2.2/lib/redis/client.rb:47:in `call'
 /Users/brandon/.rvm/gems/ruby-1.9.3-preview1/gems/redis-2.2.2/lib/redis.rb:1081:in `block in method_missing'
 /Users/brandon/.rvm/rubies/ruby-1.9.3-preview1/lib/ruby/1.9.1/monitor.rb:211:in `mon_synchronize'
 /Users/brandon/.rvm/gems/ruby-1.9.3-preview1/gems/redis-2.2.2/lib/redis.rb:1080:in `method_missing'
 /Users/brandon/Documents/workspace/ruby/ChatterBee/lib/room.rb:23:in `leave!'
 /Users/brandon/Documents/workspace/ruby/ChatterBee/app.rb:33:in `block in <class:ChatterBee>'
 /Users/brandon/.rvm/gems/ruby-1.9.3-preview1/gems/sinatra-1.2.6/lib/sinatra/base.rb:1151:in `call'
 /Users/brandon/.rvm/gems/ruby-1.9.3-preview1/gems/sinatra-1.2.6/lib/sinatra/base.rb:1151:in `block in compile!'
 /Users/brandon/.rvm/gems/ruby-1.9.3-preview1/gems/sinatra-1.2.6/lib/sinatra/base.rb:724:in `instance_eval'
 /Users/brandon/.rvm/gems/ruby-1.9.3-preview1/gems/sinatra-1.2.6/lib/sinatra/base.rb:724:in `route_eval'
 /Users/brandon/.rvm/gems/ruby-1.9.3-preview1/gems/sinatra-1.2.6/lib/sinatra/base.rb:708:in `block (2 levels) in route!'
 /Users/brandon/.rvm/gems/ruby-1.9.3-preview1/gems/sinatra-1.2.6/lib/sinatra/base.rb:758:in `block in process_route'
 /Users/brandon/.rvm/gems/ruby-1.9.3-preview1/gems/sinatra-1.2.6/lib/sinatra/base.rb:755:in `catch'
 /Users/brandon/.rvm/gems/ruby-1.9.3-preview1/gems/sinatra-1.2.6/lib/sinatra/base.rb:755:in `process_route'
 /Users/brandon/.rvm/gems/ruby-1.9.3-preview1/gems/sinatra-1.2.6/lib/sinatra/base.rb:707:in `block in route!'
 /Users/brandon/.rvm/gems/ruby-1.9.3-preview1/gems/sinatra-1.2.6/lib/sinatra/base.rb:706:in `each'
 /Users/brandon/.rvm/gems/ruby-1.9.3-preview1/gems/sinatra-1.2.6/lib/sinatra/base.rb:706:in `route!'
 /Users/brandon/.rvm/gems/ruby-1.9.3-preview1/gems/sinatra-1.2.6/lib/sinatra/base.rb:843:in `dispatch!'
 /Users/brandon/.rvm/gems/ruby-1.9.3-preview1/gems/sinatra-1.2.6/lib/sinatra/base.rb:644:in `block in call!'
 /Users/brandon/.rvm/gems/ruby-1.9.3-preview1/gems/sinatra-1.2.6/lib/sinatra/base.rb:808:in `instance_eval'
 /Users/brandon/.rvm/gems/ruby-1.9.3-preview1/gems/sinatra-1.2.6/lib/sinatra/base.rb:808:in `block in invoke'
 /Users/brandon/.rvm/gems/ruby-1.9.3-preview1/gems/sinatra-1.2.6/lib/sinatra/base.rb:808:in `catch'
 /Users/brandon/.rvm/gems/ruby-1.9.3-preview1/gems/sinatra-1.2.6/lib/sinatra/base.rb:808:in `invoke'
 /Users/brandon/.rvm/gems/ruby-1.9.3-preview1/gems/sinatra-1.2.6/lib/sinatra/base.rb:644:in `call!'
 /Users/brandon/.rvm/gems/ruby-1.9.3-preview1/gems/sinatra-1.2.6/lib/sinatra/base.rb:629:in `call'
 /Users/brandon/.rvm/gems/ruby-1.9.3-preview1/gems/rack-1.3.2/lib/rack/head.rb:9:in `call'
 /Users/brandon/.rvm/gems/ruby-1.9.3-preview1/gems/sinatra-1.2.6/lib/sinatra/showexceptions.rb:21:in `call'
 /Users/brandon/.rvm/gems/ruby-1.9.3-preview1/gems/sinatra-1.2.6/lib/sinatra/base.rb:1272:in `block in call'
 /Users/brandon/.rvm/gems/ruby-1.9.3-preview1/gems/sinatra-1.2.6/lib/sinatra/base.rb:1303:in `synchronize'
 /Users/brandon/.rvm/gems/ruby-1.9.3-preview1/gems/sinatra-1.2.6/lib/sinatra/base.rb:1272:in `call'
 /Users/brandon/.rvm/gems/ruby-1.9.3-preview1/gems/thin-1.2.7/lib/thin/connection.rb:76:in `block in pre_process'
 /Users/brandon/.rvm/gems/ruby-1.9.3-preview1/gems/thin-1.2.7/lib/thin/connection.rb:74:in `catch'
 /Users/brandon/.rvm/gems/ruby-1.9.3-preview1/gems/thin-1.2.7/lib/thin/connection.rb:74:in `pre_process'
 /Users/brandon/.rvm/gems/ruby-1.9.3-preview1/gems/thin-1.2.7/lib/thin/connection.rb:57:in `process'
 /Users/brandon/.rvm/gems/ruby-1.9.3-preview1/gems/thin-1.2.7/lib/thin/connection.rb:42:in `receive_data'
 /Users/brandon/.rvm/gems/ruby-1.9.3-preview1/gems/eventmachine-0.12.10/lib/eventmachine.rb:256:in `run_machine'
 /Users/brandon/.rvm/gems/ruby-1.9.3-preview1/gems/eventmachine-0.12.10/lib/eventmachine.rb:256:in `run'
 /Users/brandon/.rvm/gems/ruby-1.9.3-preview1/gems/thin-1.2.7/lib/thin/backends/base.rb:57:in `start'
 /Users/brandon/.rvm/gems/ruby-1.9.3-preview1/gems/thin-1.2.7/lib/thin/server.rb:156:in `start'
 /Users/brandon/.rvm/gems/ruby-1.9.3-preview1/gems/thin-1.2.7/lib/thin/controllers/controller.rb:80:in `start'
 /Users/brandon/.rvm/gems/ruby-1.9.3-preview1/gems/thin-1.2.7/lib/thin/runner.rb:177:in `run_command'
 /Users/brandon/.rvm/gems/ruby-1.9.3-preview1/gems/thin-1.2.7/lib/thin/runner.rb:143:in `run!'
 /Users/brandon/.rvm/gems/ruby-1.9.3-preview1/gems/thin-1.2.7/bin/thin:6:in `<top (required)>'
 /Users/brandon/.rvm/gems/ruby-1.9.3-preview1/bin/thin:19:in `load'
 /Users/brandon/.rvm/gems/ruby-1.9.3-preview1/bin/thin:19:in `<main>'
RuntimeError - ERR unknown command 'rrem':
 /Users/brandon/.rvm/gems/ruby-1.9.3-preview1/gems/redis-2.2.2/lib/redis/client.rb:47:in `call'
 /Users/brandon/.rvm/gems/ruby-1.9.3-preview1/gems/redis-2.2.2/lib/redis.rb:1081:in `block in method_missing'
 /Users/brandon/.rvm/rubies/ruby-1.9.3-preview1/lib/ruby/1.9.1/monitor.rb:211:in `mon_synchronize'
 /Users/brandon/.rvm/gems/ruby-1.9.3-preview1/gems/redis-2.2.2/lib/redis.rb:1080:in `method_missing'
 /Users/brandon/Documents/workspace/ruby/ChatterBee/lib/room.rb:23:in `leave!'
 /Users/brandon/Documents/workspace/ruby/ChatterBee/app.rb:33:in `block in <class:ChatterBee>'
 /Users/brandon/.rvm/gems/ruby-1.9.3-preview1/gems/sinatra-1.2.6/lib/sinatra/base.rb:1151:in `call'
 /Users/brandon/.rvm/gems/ruby-1.9.3-preview1/gems/sinatra-1.2.6/lib/sinatra/base.rb:1151:in `block in compile!'
 /Users/brandon/.rvm/gems/ruby-1.9.3-preview1/gems/sinatra-1.2.6/lib/sinatra/base.rb:724:in `instance_eval'
 /Users/brandon/.rvm/gems/ruby-1.9.3-preview1/gems/sinatra-1.2.6/lib/sinatra/base.rb:724:in `route_eval'
 /Users/brandon/.rvm/gems/ruby-1.9.3-preview1/gems/sinatra-1.2.6/lib/sinatra/base.rb:708:in `block (2 levels) in route!'
 /Users/brandon/.rvm/gems/ruby-1.9.3-preview1/gems/sinatra-1.2.6/lib/sinatra/base.rb:758:in `block in process_route'
 /Users/brandon/.rvm/gems/ruby-1.9.3-preview1/gems/sinatra-1.2.6/lib/sinatra/base.rb:755:in `catch'
 /Users/brandon/.rvm/gems/ruby-1.9.3-preview1/gems/sinatra-1.2.6/lib/sinatra/base.rb:755:in `process_route'
 /Users/brandon/.rvm/gems/ruby-1.9.3-preview1/gems/sinatra-1.2.6/lib/sinatra/base.rb:707:in `block in route!'
 /Users/brandon/.rvm/gems/ruby-1.9.3-preview1/gems/sinatra-1.2.6/lib/sinatra/base.rb:706:in `each'
 /Users/brandon/.rvm/gems/ruby-1.9.3-preview1/gems/sinatra-1.2.6/lib/sinatra/base.rb:706:in `route!'
 /Users/brandon/.rvm/gems/ruby-1.9.3-preview1/gems/sinatra-1.2.6/lib/sinatra/base.rb:843:in `dispatch!'
 /Users/brandon/.rvm/gems/ruby-1.9.3-preview1/gems/sinatra-1.2.6/lib/sinatra/base.rb:644:in `block in call!'
 /Users/brandon/.rvm/gems/ruby-1.9.3-preview1/gems/sinatra-1.2.6/lib/sinatra/base.rb:808:in `instance_eval'
 /Users/brandon/.rvm/gems/ruby-1.9.3-preview1/gems/sinatra-1.2.6/lib/sinatra/base.rb:808:in `block in invoke'
 /Users/brandon/.rvm/gems/ruby-1.9.3-preview1/gems/sinatra-1.2.6/lib/sinatra/base.rb:808:in `catch'
 /Users/brandon/.rvm/gems/ruby-1.9.3-preview1/gems/sinatra-1.2.6/lib/sinatra/base.rb:808:in `invoke'
 /Users/brandon/.rvm/gems/ruby-1.9.3-preview1/gems/sinatra-1.2.6/lib/sinatra/base.rb:644:in `call!'
 /Users/brandon/.rvm/gems/ruby-1.9.3-preview1/gems/sinatra-1.2.6/lib/sinatra/base.rb:629:in `call'
 /Users/brandon/.rvm/gems/ruby-1.9.3-preview1/gems/rack-1.3.2/lib/rack/head.rb:9:in `call'
 /Users/brandon/.rvm/gems/ruby-1.9.3-preview1/gems/sinatra-1.2.6/lib/sinatra/showexceptions.rb:21:in `call'
 /Users/brandon/.rvm/gems/ruby-1.9.3-preview1/gems/sinatra-1.2.6/lib/sinatra/base.rb:1272:in `block in call'
 /Users/brandon/.rvm/gems/ruby-1.9.3-preview1/gems/sinatra-1.2.6/lib/sinatra/base.rb:1303:in `synchronize'
 /Users/brandon/.rvm/gems/ruby-1.9.3-preview1/gems/sinatra-1.2.6/lib/sinatra/base.rb:1272:in `call'
 /Users/brandon/.rvm/gems/ruby-1.9.3-preview1/gems/thin-1.2.7/lib/thin/connection.rb:76:in `block in pre_process'
 /Users/brandon/.rvm/gems/ruby-1.9.3-preview1/gems/thin-1.2.7/lib/thin/connection.rb:74:in `catch'
 /Users/brandon/.rvm/gems/ruby-1.9.3-preview1/gems/thin-1.2.7/lib/thin/connection.rb:74:in `pre_process'
 /Users/brandon/.rvm/gems/ruby-1.9.3-preview1/gems/thin-1.2.7/lib/thin/connection.rb:57:in `process'
 /Users/brandon/.rvm/gems/ruby-1.9.3-preview1/gems/thin-1.2.7/lib/thin/connection.rb:42:in `receive_data'
 /Users/brandon/.rvm/gems/ruby-1.9.3-preview1/gems/eventmachine-0.12.10/lib/eventmachine.rb:256:in `run_machine'
 /Users/brandon/.rvm/gems/ruby-1.9.3-preview1/gems/eventmachine-0.12.10/lib/eventmachine.rb:256:in `run'
 /Users/brandon/.rvm/gems/ruby-1.9.3-preview1/gems/thin-1.2.7/lib/thin/backends/base.rb:57:in `start'
 /Users/brandon/.rvm/gems/ruby-1.9.3-preview1/gems/thin-1.2.7/lib/thin/server.rb:156:in `start'
 /Users/brandon/.rvm/gems/ruby-1.9.3-preview1/gems/thin-1.2.7/lib/thin/controllers/controller.rb:80:in `start'
 /Users/brandon/.rvm/gems/ruby-1.9.3-preview1/gems/thin-1.2.7/lib/thin/runner.rb:177:in `run_command'
 /Users/brandon/.rvm/gems/ruby-1.9.3-preview1/gems/thin-1.2.7/lib/thin/runner.rb:143:in `run!'
 /Users/brandon/.rvm/gems/ruby-1.9.3-preview1/gems/thin-1.2.7/bin/thin:6:in `<top (required)>'
 /Users/brandon/.rvm/gems/ruby-1.9.3-preview1/bin/thin:19:in `load'
 /Users/brandon/.rvm/gems/ruby-1.9.3-preview1/bin/thin:19:in `<main>'
RuntimeError - ERR unknown command 'rrem':
 /Users/brandon/.rvm/gems/ruby-1.9.3-preview1/gems/redis-2.2.2/lib/redis/client.rb:47:in `call'
 /Users/brandon/.rvm/gems/ruby-1.9.3-preview1/gems/redis-2.2.2/lib/redis.rb:1081:in `block in method_missing'
 /Users/brandon/.rvm/rubies/ruby-1.9.3-preview1/lib/ruby/1.9.1/monitor.rb:211:in `mon_synchronize'
 /Users/brandon/.rvm/gems/ruby-1.9.3-preview1/gems/redis-2.2.2/lib/redis.rb:1080:in `method_missing'
 /Users/brandon/Documents/workspace/ruby/ChatterBee/lib/room.rb:23:in `leave!'
 /Users/brandon/Documents/workspace/ruby/ChatterBee/app.rb:33:in `block in <class:ChatterBee>'
 /Users/brandon/.rvm/gems/ruby-1.9.3-preview1/gems/sinatra-1.2.6/lib/sinatra/base.rb:1151:in `call'
 /Users/brandon/.rvm/gems/ruby-1.9.3-preview1/gems/sinatra-1.2.6/lib/sinatra/base.rb:1151:in `block in compile!'
 /Users/brandon/.rvm/gems/ruby-1.9.3-preview1/gems/sinatra-1.2.6/lib/sinatra/base.rb:724:in `instance_eval'
 /Users/brandon/.rvm/gems/ruby-1.9.3-preview1/gems/sinatra-1.2.6/lib/sinatra/base.rb:724:in `route_eval'
 /Users/brandon/.rvm/gems/ruby-1.9.3-preview1/gems/sinatra-1.2.6/lib/sinatra/base.rb:708:in `block (2 levels) in route!'
 /Users/brandon/.rvm/gems/ruby-1.9.3-preview1/gems/sinatra-1.2.6/lib/sinatra/base.rb:758:in `block in process_route'
 /Users/brandon/.rvm/gems/ruby-1.9.3-preview1/gems/sinatra-1.2.6/lib/sinatra/base.rb:755:in `catch'
 /Users/brandon/.rvm/gems/ruby-1.9.3-preview1/gems/sinatra-1.2.6/lib/sinatra/base.rb:755:in `process_route'
 /Users/brandon/.rvm/gems/ruby-1.9.3-preview1/gems/sinatra-1.2.6/lib/sinatra/base.rb:707:in `block in route!'
 /Users/brandon/.rvm/gems/ruby-1.9.3-preview1/gems/sinatra-1.2.6/lib/sinatra/base.rb:706:in `each'
 /Users/brandon/.rvm/gems/ruby-1.9.3-preview1/gems/sinatra-1.2.6/lib/sinatra/base.rb:706:in `route!'
 /Users/brandon/.rvm/gems/ruby-1.9.3-preview1/gems/sinatra-1.2.6/lib/sinatra/base.rb:843:in `dispatch!'
 /Users/brandon/.rvm/gems/ruby-1.9.3-preview1/gems/sinatra-1.2.6/lib/sinatra/base.rb:644:in `block in call!'
 /Users/brandon/.rvm/gems/ruby-1.9.3-preview1/gems/sinatra-1.2.6/lib/sinatra/base.rb:808:in `instance_eval'
 /Users/brandon/.rvm/gems/ruby-1.9.3-preview1/gems/sinatra-1.2.6/lib/sinatra/base.rb:808:in `block in invoke'
 /Users/brandon/.rvm/gems/ruby-1.9.3-preview1/gems/sinatra-1.2.6/lib/sinatra/base.rb:808:in `catch'
 /Users/brandon/.rvm/gems/ruby-1.9.3-preview1/gems/sinatra-1.2.6/lib/sinatra/base.rb:808:in `invoke'
 /Users/brandon/.rvm/gems/ruby-1.9.3-preview1/gems/sinatra-1.2.6/lib/sinatra/base.rb:644:in `call!'
 /Users/brandon/.rvm/gems/ruby-1.9.3-preview1/gems/sinatra-1.2.6/lib/sinatra/base.rb:629:in `call'
 /Users/brandon/.rvm/gems/ruby-1.9.3-preview1/gems/rack-1.3.2/lib/rack/head.rb:9:in `call'
 /Users/brandon/.rvm/gems/ruby-1.9.3-preview1/gems/sinatra-1.2.6/lib/sinatra/showexceptions.rb:21:in `call'
 /Users/brandon/.rvm/gems/ruby-1.9.3-preview1/gems/sinatra-1.2.6/lib/sinatra/base.rb:1272:in `block in call'
 /Users/brandon/.rvm/gems/ruby-1.9.3-preview1/gems/sinatra-1.2.6/lib/sinatra/base.rb:1303:in `synchronize'
 /Users/brandon/.rvm/gems/ruby-1.9.3-preview1/gems/sinatra-1.2.6/lib/sinatra/base.rb:1272:in `call'
 /Users/brandon/.rvm/gems/ruby-1.9.3-preview1/gems/thin-1.2.7/lib/thin/connection.rb:76:in `block in pre_process'
 /Users/brandon/.rvm/gems/ruby-1.9.3-preview1/gems/thin-1.2.7/lib/thin/connection.rb:74:in `catch'
 /Users/brandon/.rvm/gems/ruby-1.9.3-preview1/gems/thin-1.2.7/lib/thin/connection.rb:74:in `pre_process'
 /Users/brandon/.rvm/gems/ruby-1.9.3-preview1/gems/thin-1.2.7/lib/thin/connection.rb:57:in `process'
 /Users/brandon/.rvm/gems/ruby-1.9.3-preview1/gems/thin-1.2.7/lib/thin/connection.rb:42:in `receive_data'
 /Users/brandon/.rvm/gems/ruby-1.9.3-preview1/gems/eventmachine-0.12.10/lib/eventmachine.rb:256:in `run_machine'
 /Users/brandon/.rvm/gems/ruby-1.9.3-preview1/gems/eventmachine-0.12.10/lib/eventmachine.rb:256:in `run'
 /Users/brandon/.rvm/gems/ruby-1.9.3-preview1/gems/thin-1.2.7/lib/thin/backends/base.rb:57:in `start'
 /Users/brandon/.rvm/gems/ruby-1.9.3-preview1/gems/thin-1.2.7/lib/thin/server.rb:156:in `start'
 /Users/brandon/.rvm/gems/ruby-1.9.3-preview1/gems/thin-1.2.7/lib/thin/controllers/controller.rb:80:in `start'
 /Users/brandon/.rvm/gems/ruby-1.9.3-preview1/gems/thin-1.2.7/lib/thin/runner.rb:177:in `run_command'
 /Users/brandon/.rvm/gems/ruby-1.9.3-preview1/gems/thin-1.2.7/lib/thin/runner.rb:143:in `run!'
 /Users/brandon/.rvm/gems/ruby-1.9.3-preview1/gems/thin-1.2.7/bin/thin:6:in `<top (required)>'
 /Users/brandon/.rvm/gems/ruby-1.9.3-preview1/bin/thin:19:in `load'
 /Users/brandon/.rvm/gems/ruby-1.9.3-preview1/bin/thin:19:in `<main>'
RuntimeError - ERR unknown command 'rrem':
 /Users/brandon/.rvm/gems/ruby-1.9.3-preview1/gems/redis-2.2.2/lib/redis/client.rb:47:in `call'
 /Users/brandon/.rvm/gems/ruby-1.9.3-preview1/gems/redis-2.2.2/lib/redis.rb:1081:in `block in method_missing'
 /Users/brandon/.rvm/rubies/ruby-1.9.3-preview1/lib/ruby/1.9.1/monitor.rb:211:in `mon_synchronize'
 /Users/brandon/.rvm/gems/ruby-1.9.3-preview1/gems/redis-2.2.2/lib/redis.rb:1080:in `method_missing'
 /Users/brandon/Documents/workspace/ruby/ChatterBee/lib/room.rb:23:in `leave!'
 /Users/brandon/Documents/workspace/ruby/ChatterBee/app.rb:33:in `block in <class:ChatterBee>'
 /Users/brandon/.rvm/gems/ruby-1.9.3-preview1/gems/sinatra-1.2.6/lib/sinatra/base.rb:1151:in `call'
 /Users/brandon/.rvm/gems/ruby-1.9.3-preview1/gems/sinatra-1.2.6/lib/sinatra/base.rb:1151:in `block in compile!'
 /Users/brandon/.rvm/gems/ruby-1.9.3-preview1/gems/sinatra-1.2.6/lib/sinatra/base.rb:724:in `instance_eval'
 /Users/brandon/.rvm/gems/ruby-1.9.3-preview1/gems/sinatra-1.2.6/lib/sinatra/base.rb:724:in `route_eval'
 /Users/brandon/.rvm/gems/ruby-1.9.3-preview1/gems/sinatra-1.2.6/lib/sinatra/base.rb:708:in `block (2 levels) in route!'
 /Users/brandon/.rvm/gems/ruby-1.9.3-preview1/gems/sinatra-1.2.6/lib/sinatra/base.rb:758:in `block in process_route'
 /Users/brandon/.rvm/gems/ruby-1.9.3-preview1/gems/sinatra-1.2.6/lib/sinatra/base.rb:755:in `catch'
 /Users/brandon/.rvm/gems/ruby-1.9.3-preview1/gems/sinatra-1.2.6/lib/sinatra/base.rb:755:in `process_route'
 /Users/brandon/.rvm/gems/ruby-1.9.3-preview1/gems/sinatra-1.2.6/lib/sinatra/base.rb:707:in `block in route!'
 /Users/brandon/.rvm/gems/ruby-1.9.3-preview1/gems/sinatra-1.2.6/lib/sinatra/base.rb:706:in `each'
 /Users/brandon/.rvm/gems/ruby-1.9.3-preview1/gems/sinatra-1.2.6/lib/sinatra/base.rb:706:in `route!'
 /Users/brandon/.rvm/gems/ruby-1.9.3-preview1/gems/sinatra-1.2.6/lib/sinatra/base.rb:843:in `dispatch!'
 /Users/brandon/.rvm/gems/ruby-1.9.3-preview1/gems/sinatra-1.2.6/lib/sinatra/base.rb:644:in `block in call!'
 /Users/brandon/.rvm/gems/ruby-1.9.3-preview1/gems/sinatra-1.2.6/lib/sinatra/base.rb:808:in `instance_eval'
 /Users/brandon/.rvm/gems/ruby-1.9.3-preview1/gems/sinatra-1.2.6/lib/sinatra/base.rb:808:in `block in invoke'
 /Users/brandon/.rvm/gems/ruby-1.9.3-preview1/gems/sinatra-1.2.6/lib/sinatra/base.rb:808:in `catch'
 /Users/brandon/.rvm/gems/ruby-1.9.3-preview1/gems/sinatra-1.2.6/lib/sinatra/base.rb:808:in `invoke'
 /Users/brandon/.rvm/gems/ruby-1.9.3-preview1/gems/sinatra-1.2.6/lib/sinatra/base.rb:644:in `call!'
 /Users/brandon/.rvm/gems/ruby-1.9.3-preview1/gems/sinatra-1.2.6/lib/sinatra/base.rb:629:in `call'
 /Users/brandon/.rvm/gems/ruby-1.9.3-preview1/gems/rack-1.3.2/lib/rack/head.rb:9:in `call'
 /Users/brandon/.rvm/gems/ruby-1.9.3-preview1/gems/sinatra-1.2.6/lib/sinatra/showexceptions.rb:21:in `call'
 /Users/brandon/.rvm/gems/ruby-1.9.3-preview1/gems/sinatra-1.2.6/lib/sinatra/base.rb:1272:in `block in call'
 /Users/brandon/.rvm/gems/ruby-1.9.3-preview1/gems/sinatra-1.2.6/lib/sinatra/base.rb:1303:in `synchronize'
 /Users/brandon/.rvm/gems/ruby-1.9.3-preview1/gems/sinatra-1.2.6/lib/sinatra/base.rb:1272:in `call'
 /Users/brandon/.rvm/gems/ruby-1.9.3-preview1/gems/thin-1.2.7/lib/thin/connection.rb:76:in `block in pre_process'
 /Users/brandon/.rvm/gems/ruby-1.9.3-preview1/gems/thin-1.2.7/lib/thin/connection.rb:74:in `catch'
 /Users/brandon/.rvm/gems/ruby-1.9.3-preview1/gems/thin-1.2.7/lib/thin/connection.rb:74:in `pre_process'
 /Users/brandon/.rvm/gems/ruby-1.9.3-preview1/gems/thin-1.2.7/lib/thin/connection.rb:57:in `process'
 /Users/brandon/.rvm/gems/ruby-1.9.3-preview1/gems/thin-1.2.7/lib/thin/connection.rb:42:in `receive_data'
 /Users/brandon/.rvm/gems/ruby-1.9.3-preview1/gems/eventmachine-0.12.10/lib/eventmachine.rb:256:in `run_machine'
 /Users/brandon/.rvm/gems/ruby-1.9.3-preview1/gems/eventmachine-0.12.10/lib/eventmachine.rb:256:in `run'
 /Users/brandon/.rvm/gems/ruby-1.9.3-preview1/gems/thin-1.2.7/lib/thin/backends/base.rb:57:in `start'
 /Users/brandon/.rvm/gems/ruby-1.9.3-preview1/gems/thin-1.2.7/lib/thin/server.rb:156:in `start'
 /Users/brandon/.rvm/gems/ruby-1.9.3-preview1/gems/thin-1.2.7/lib/thin/controllers/controller.rb:80:in `start'
 /Users/brandon/.rvm/gems/ruby-1.9.3-preview1/gems/thin-1.2.7/lib/thin/runner.rb:177:in `run_command'
 /Users/brandon/.rvm/gems/ruby-1.9.3-preview1/gems/thin-1.2.7/lib/thin/runner.rb:143:in `run!'
 /Users/brandon/.rvm/gems/ruby-1.9.3-preview1/gems/thin-1.2.7/bin/thin:6:in `<top (required)>'
 /Users/brandon/.rvm/gems/ruby-1.9.3-preview1/bin/thin:19:in `load'
 /Users/brandon/.rvm/gems/ruby-1.9.3-preview1/bin/thin:19:in `<main>'
